DEBUG    [2018-09-19 23:38:57,411] Starting new HTTPS connection (1): api.telegram.org:443
DEBUG    [2018-09-19 23:39:11,441] https://api.telegram.org:443 "GET /bot684276406:AAHq47rLFG4_CxDf1kQhspZXUOlsloasFyU/getUpdates?offset=1&timeout=20 HTTP/1.1" 200 387
DEBUG    [2018-09-19 23:39:11,465] Starting new HTTPS connection (1): api.telegram.org:443
DEBUG    [2018-09-19 23:39:11,982] https://api.telegram.org:443 "POST /bot684276406:AAHq47rLFG4_CxDf1kQhspZXUOlsloasFyU/sendMessage?chat_id=200634508&text=%3Cb%3E%D0%9F%D0%BE%D0%BD%D0%B5%D0%B4%D0%B5%D0%BB%D1%8C%D0%BD%D0%B8%D0%BA%3A%0A%3C%2Fb%3E%0A%3Cb%3E%D0%92%D1%82%D0%BE%D1%80%D0%BD%D0%B8%D0%BA%3A%0A%3C%2Fb%3E%0A%3Cb%3E%D0%A1%D1%80%D0%B5%D0%B4%D0%B0%3A%0A%3C%2Fb%3E%0A%3Cb%3E%D0%A7%D0%B5%D1%82%D0%B2%D0%B5%D1%80%D0%B3%3A%0A%3C%2Fb%3E%0A%3Cb%3E%D0%9F%D1%8F%D1%82%D0%BD%D0%B8%D1%86%D0%B0%3A%0A%3C%2Fb%3E%0A%3Cb%3E%D0%A1%D1%83%D0%B1%D0%B1%D0%BE%D1%82%D0%B0%3A%0A%3C%2Fb%3E%0A%3Cb%3E%D0%92%D0%BE%D1%81%D0%BA%D1%80%D0%B5%D1%81%D0%B5%D0%BD%D1%8C%D0%B5+%3A%0A%3C%2Fb%3E&parse_mode=HTML HTTP/1.1" 200 984
INFO     [2018-09-19 23:39:11,983] 
//==============================\
    –°–æ–æ–±—â–µ–Ω–∏–µ –æ—Ç Oleg Usov (id = 200634508) 
    –¢–µ–∫—Å—Ç: "/–ø–æ—Å–º–æ—Ç—Ä–µ—Ç—å"
    –û—Ç–≤–µ—Ç: "<b>–ü–æ–Ω–µ–¥–µ–ª—å–Ω–∏–∫:
</b>
<b>–í—Ç–æ—Ä–Ω–∏–∫:
</b>
<b>–°—Ä–µ–¥–∞:
</b>
<b>–ß–µ—Ç–≤–µ—Ä–≥:
</b>
<b>–ü—è—Ç–Ω–∏—Ü–∞:
</b>
<b>–°—É–±–±–æ—Ç–∞:
</b>
<b>–í–æ—Å–∫—Ä–µ—Å–µ–Ω—å–µ :
</b>"
\==============================//
    
DEBUG    [2018-09-19 23:39:30,214] https://api.telegram.org:443 "GET /bot684276406:AAHq47rLFG4_CxDf1kQhspZXUOlsloasFyU/getUpdates?offset=91502098&timeout=20 HTTP/1.1" 200 363
DEBUG    [2018-09-19 23:39:30,219] Starting new HTTPS connection (1): api.telegram.org:443
DEBUG    [2018-09-19 23:39:30,780] https://api.telegram.org:443 "POST /bot684276406:AAHq47rLFG4_CxDf1kQhspZXUOlsloasFyU/sendMessage?chat_id=200634508&text=%D0%92%D0%B2%D0%B5%D0%B4%D0%B8%D1%82%D0%B5+%D1%80%D0%B0%D1%81%D1%81%D0%BF%D0%B8%D1%81%D0%B0%D0%BD%D0%B8%D0%B5%3A HTTP/1.1" 200 445
INFO     [2018-09-19 23:39:30,781] 
//==============================\
    –°–æ–æ–±—â–µ–Ω–∏–µ –æ—Ç Oleg Usov (id = 200634508) 
    –¢–µ–∫—Å—Ç: "/–∑–∞–¥–∞—Ç—å"
    –û—Ç–≤–µ—Ç: "–í–≤–µ–¥–∏—Ç–µ —Ä–∞—Å—Å–ø–∏—Å–∞–Ω–∏–µ:"
\==============================//
    
DEBUG    [2018-09-19 23:39:32,741] https://api.telegram.org:443 "GET /bot684276406:AAHq47rLFG4_CxDf1kQhspZXUOlsloasFyU/getUpdates?offset=91502099&timeout=20 HTTP/1.1" 200 390
DEBUG    [2018-09-19 23:39:32,828] https://api.telegram.org:443 "POST /bot684276406:AAHq47rLFG4_CxDf1kQhspZXUOlsloasFyU/sendMessage?chat_id=200634508&text=%D0%94%D0%B0%D0%B2%D0%B0%D0%B9+%D1%81%D0%BE%D0%B7%D0%B4%D0%B0%D0%B4%D0%B8%D0%BC+%D1%80%D0%B0%D1%81%D0%BF%D0%B8%D1%81%D0%B0%D0%BD%D0%B8%D0%B5+%F0%9F%98%8A%21&reply_markup=%7B%22keyboard%22%3A+%5B%5B%7B%22text%22%3A+%22%2Fstart%22%7D%2C+%7B%22text%22%3A+%22%2Fhelp%22%7D%5D%2C+%5B%7B%22text%22%3A+%22%2F%5Cu0437%5Cu0430%5Cu0434%5Cu0430%5Cu0442%5Cu044c%22%7D%2C+%7B%22text%22%3A+%22%2F%5Cu043f%5Cu043e%5Cu0441%5Cu043c%5Cu043e%5Cu0442%5Cu0440%5Cu0435%5Cu0442%5Cu044c%22%7D%2C+%7B%22text%22%3A+%22%2F%5Cu043f%5Cu043e%5Cu0441%5Cu043c%5Cu043e%5Cu0442%5Cu0440%5Cu0435%5Cu0442%5Cu044c_%5Cu043d%5Cu0430%22%7D%5D%5D%2C+%22resize_keyboard%22%3A+true%7D HTTP/1.1" 200 489
INFO     [2018-09-19 23:39:32,829] 
//==============================\
    –°–æ–æ–±—â–µ–Ω–∏–µ –æ—Ç Oleg Usov (id = 200634508) 
    –¢–µ–∫—Å—Ç: "/start"
    –û—Ç–≤–µ—Ç: "–î–∞–≤–∞–π —Å–æ–∑–¥–∞–¥–∏–º —Ä–∞—Å–ø–∏—Å–∞–Ω–∏–µ üòä!"
\==============================//
    
DEBUG    [2018-09-19 23:39:52,829] https://api.telegram.org:443 "GET /bot684276406:AAHq47rLFG4_CxDf1kQhspZXUOlsloasFyU/getUpdates?offset=91502100&timeout=20 HTTP/1.1" 200 23
DEBUG    [2018-09-19 23:40:12,905] https://api.telegram.org:443 "GET /bot684276406:AAHq47rLFG4_CxDf1kQhspZXUOlsloasFyU/getUpdates?offset=91502100&timeout=20 HTTP/1.1" 200 23
DEBUG    [2018-09-19 23:40:32,981] https://api.telegram.org:443 "GET /bot684276406:AAHq47rLFG4_CxDf1kQhspZXUOlsloasFyU/getUpdates?offset=91502100&timeout=20 HTTP/1.1" 200 23
DEBUG    [2018-09-19 23:40:53,055] https://api.telegram.org:443 "GET /bot684276406:AAHq47rLFG4_CxDf1kQhspZXUOlsloasFyU/getUpdates?offset=91502100&timeout=20 HTTP/1.1" 200 23
DEBUG    [2018-09-19 23:41:13,129] https://api.telegram.org:443 "GET /bot684276406:AAHq47rLFG4_CxDf1kQhspZXUOlsloasFyU/getUpdates?offset=91502100&timeout=20 HTTP/1.1" 200 23
DEBUG    [2018-09-19 23:41:33,204] https://api.telegram.org:443 "GET /bot684276406:AAHq47rLFG4_CxDf1kQhspZXUOlsloasFyU/getUpdates?offset=91502100&timeout=20 HTTP/1.1" 200 23
DEBUG    [2018-09-19 23:41:54,312] https://api.telegram.org:443 "GET /bot684276406:AAHq47rLFG4_CxDf1kQhspZXUOlsloasFyU/getUpdates?offset=91502100&timeout=20 HTTP/1.1" 200 23
DEBUG    [2018-09-19 23:42:14,387] https://api.telegram.org:443 "GET /bot684276406:AAHq47rLFG4_CxDf1kQhspZXUOlsloasFyU/getUpdates?offset=91502100&timeout=20 HTTP/1.1" 200 23
DEBUG    [2018-09-19 23:42:34,467] https://api.telegram.org:443 "GET /bot684276406:AAHq47rLFG4_CxDf1kQhspZXUOlsloasFyU/getUpdates?offset=91502100&timeout=20 HTTP/1.1" 200 23
DEBUG    [2018-09-19 23:42:36,322] https://api.telegram.org:443 "GET /bot684276406:AAHq47rLFG4_CxDf1kQhspZXUOlsloasFyU/getUpdates?offset=91502100&timeout=20 HTTP/1.1" 200 400
DEBUG    [2018-09-19 23:42:36,438] https://api.telegram.org:443 "POST /bot684276406:AAHq47rLFG4_CxDf1kQhspZXUOlsloasFyU/sendMessage?chat_id=200634508&text=%D0%9F%D0%BE%D0%BA%D0%B0+%D1%8F+%D0%BD%D0%B5+%D0%B7%D0%BD%D0%B0%D1%8E+%D0%BA%D0%B0%D0%BA+%D1%8D%D1%82%D0%BE%2C+%D0%BD%D0%BE+%D1%81%D0%BA%D0%BE%D1%80%D0%BE+%D0%BE%D0%B1%D1%8F%D0%B7%D0%B0%D1%82%D0%B5%D0%BB%D1%8C%D0%BD%D0%BE+%D0%BD%D0%B0%D1%83%D1%87%D1%8E%D1%81%D1%8C%21+%F0%9F%98%8B HTTP/1.1" 200 611
INFO     [2018-09-19 23:42:36,439] 
//==============================\
    –°–æ–æ–±—â–µ–Ω–∏–µ –æ—Ç Oleg Usov (id = 200634508) 
    –¢–µ–∫—Å—Ç: "/–ø–æ—Å–º–æ—Ç—Ä–µ—Ç—å_–Ω–∞"
    –û—Ç–≤–µ—Ç: "–ü–æ–∫–∞ —è –Ω–µ –∑–Ω–∞—é –∫–∞–∫ —ç—Ç–æ, –Ω–æ —Å–∫–æ—Ä–æ –æ–±—è–∑–∞—Ç–µ–ª—å–Ω–æ –Ω–∞—É—á—é—Å—å! üòã"
\==============================//
    
DEBUG    [2018-09-19 23:42:56,402] https://api.telegram.org:443 "GET /bot684276406:AAHq47rLFG4_CxDf1kQhspZXUOlsloasFyU/getUpdates?offset=91502101&timeout=20 HTTP/1.1" 200 23
DEBUG    [2018-09-19 23:43:02,911] https://api.telegram.org:443 "GET /bot684276406:AAHq47rLFG4_CxDf1kQhspZXUOlsloasFyU/getUpdates?offset=91502101&timeout=20 HTTP/1.1" 200 389
DEBUG    [2018-09-19 23:43:03,073] https://api.telegram.org:443 "POST /bot684276406:AAHq47rLFG4_CxDf1kQhspZXUOlsloasFyU/sendMessage?chat_id=200634508&text=%D0%A2%D1%83%D1%82+%D0%B1%D1%83%D0%B4%D0%B5%D1%82+%D0%B1%D0%BE%D0%BB%D1%8C%D1%88%D0%BE%D0%B9+%D0%B8+%D0%BA%D1%80%D0%B0%D1%81%D0%B8%D0%B2%D1%8B%D0%B9+help...%0A%D0%9D%D0%BE+%D0%BF%D0%BE%D0%BA%D0%B0+%D0%BE%D0%BD+%D0%BD%D0%B5+%D0%BD%D0%B0%D0%BF%D0%B8%D1%81%D0%B0%D0%BD+%F0%9F%98%8B HTTP/1.1" 200 612
INFO     [2018-09-19 23:43:03,074] 
//==============================\
    –°–æ–æ–±—â–µ–Ω–∏–µ –æ—Ç Oleg Usov (id = 200634508) 
    –¢–µ–∫—Å—Ç: "/help"
    –û—Ç–≤–µ—Ç: "–¢—É—Ç –±—É–¥–µ—Ç –±–æ–ª—å—à–æ–π –∏ –∫—Ä–∞—Å–∏–≤—ã–π help...
–ù–æ –ø–æ–∫–∞ –æ–Ω –Ω–µ –Ω–∞–ø–∏—Å–∞–Ω üòã"
\==============================//
    
DEBUG    [2018-09-19 23:43:08,088] https://api.telegram.org:443 "GET /bot684276406:AAHq47rLFG4_CxDf1kQhspZXUOlsloasFyU/getUpdates?offset=91502102&timeout=20 HTTP/1.1" 200 387
DEBUG    [2018-09-19 23:43:08,356] https://api.telegram.org:443 "POST /bot684276406:AAHq47rLFG4_CxDf1kQhspZXUOlsloasFyU/sendMessage?chat_id=200634508&text=%3Cb%3E%D0%9F%D0%BE%D0%BD%D0%B5%D0%B4%D0%B5%D0%BB%D1%8C%D0%BD%D0%B8%D0%BA%3A%0A%3C%2Fb%3E%0A%3Cb%3E%D0%92%D1%82%D0%BE%D1%80%D0%BD%D0%B8%D0%BA%3A%0A%3C%2Fb%3E%0A%3Cb%3E%D0%A1%D1%80%D0%B5%D0%B4%D0%B0%3A%0A%3C%2Fb%3E%0A%3Cb%3E%D0%A7%D0%B5%D1%82%D0%B2%D0%B5%D1%80%D0%B3%3A%0A%3C%2Fb%3E%0A%3Cb%3E%D0%9F%D1%8F%D1%82%D0%BD%D0%B8%D1%86%D0%B0%3A%0A%3C%2Fb%3E%0A%3Cb%3E%D0%A1%D1%83%D0%B1%D0%B1%D0%BE%D1%82%D0%B0%3A%0A%3C%2Fb%3E%0A%3Cb%3E%D0%92%D0%BE%D1%81%D0%BA%D1%80%D0%B5%D1%81%D0%B5%D0%BD%D1%8C%D0%B5+%3A%0A%3C%2Fb%3E&parse_mode=HTML HTTP/1.1" 200 984
INFO     [2018-09-19 23:43:08,357] 
//==============================\
    –°–æ–æ–±—â–µ–Ω–∏–µ –æ—Ç Oleg Usov (id = 200634508) 
    –¢–µ–∫—Å—Ç: "/–ø–æ—Å–º–æ—Ç—Ä–µ—Ç—å"
    –û—Ç–≤–µ—Ç: "<b>–ü–æ–Ω–µ–¥–µ–ª—å–Ω–∏–∫:
</b>
<b>–í—Ç–æ—Ä–Ω–∏–∫:
</b>
<b>–°—Ä–µ–¥–∞:
</b>
<b>–ß–µ—Ç–≤–µ—Ä–≥:
</b>
<b>–ü—è—Ç–Ω–∏—Ü–∞:
</b>
<b>–°—É–±–±–æ—Ç–∞:
</b>
<b>–í–æ—Å–∫—Ä–µ—Å–µ–Ω—å–µ :
</b>"
\==============================//
    
DEBUG    [2018-09-19 23:43:28,302] https://api.telegram.org:443 "GET /bot684276406:AAHq47rLFG4_CxDf1kQhspZXUOlsloasFyU/getUpdates?offset=91502103&timeout=20 HTTP/1.1" 200 23
DEBUG    [2018-09-19 23:43:48,381] https://api.telegram.org:443 "GET /bot684276406:AAHq47rLFG4_CxDf1kQhspZXUOlsloasFyU/getUpdates?offset=91502103&timeout=20 HTTP/1.1" 200 23
DEBUG    [2018-09-19 23:44:03,120] https://api.telegram.org:443 "GET /bot684276406:AAHq47rLFG4_CxDf1kQhspZXUOlsloasFyU/getUpdates?offset=91502103&timeout=20 HTTP/1.1" 200 363
DEBUG    [2018-09-19 23:44:03,203] https://api.telegram.org:443 "POST /bot684276406:AAHq47rLFG4_CxDf1kQhspZXUOlsloasFyU/sendMessage?chat_id=200634508&text=%D0%92%D0%B2%D0%B5%D0%B4%D0%B8%D1%82%D0%B5+%D1%80%D0%B0%D1%81%D1%81%D0%BF%D0%B8%D1%81%D0%B0%D0%BD%D0%B8%D0%B5%3A HTTP/1.1" 200 445
INFO     [2018-09-19 23:44:03,204] 
//==============================\
    –°–æ–æ–±—â–µ–Ω–∏–µ –æ—Ç Oleg Usov (id = 200634508) 
    –¢–µ–∫—Å—Ç: "/–∑–∞–¥–∞—Ç—å"
    –û—Ç–≤–µ—Ç: "–í–≤–µ–¥–∏—Ç–µ —Ä–∞—Å—Å–ø–∏—Å–∞–Ω–∏–µ:"
\==============================//
    
DEBUG    [2018-09-19 23:44:06,333] https://api.telegram.org:443 "GET /bot684276406:AAHq47rLFG4_CxDf1kQhspZXUOlsloasFyU/getUpdates?offset=91502104&timeout=20 HTTP/1.1" 200 348
DEBUG    [2018-09-19 23:44:06,423] https://api.telegram.org:443 "POST /bot684276406:AAHq47rLFG4_CxDf1kQhspZXUOlsloasFyU/sendMessage?chat_id=200634508&text=%D0%A7%D1%82%D0%BE-%D1%82%D0%BE+%D0%BF%D0%BE%D1%88%D0%BB%D0%BE+%D0%BD%D0%B5+%D1%82%D0%B0%D0%BA...%0A%D0%9F%D0%BE%D0%BF%D1%80%D0%BE%D0%B1%D1%83%D0%B9%D1%82%D1%83+%D0%B5%D1%89%D1%91+%D1%80%D0%B0%D0%B7%21 HTTP/1.1" 200 533
INFO     [2018-09-19 23:44:06,424] 
//==============================\
    –°–æ–æ–±—â–µ–Ω–∏–µ –æ—Ç Oleg Usov (id = 200634508) 
    –¢–µ–∫—Å—Ç: "654—Ñ—ã–≤5"
    –û—Ç–≤–µ—Ç: "–ß—Ç–æ-—Ç–æ –ø–æ—à–ª–æ –Ω–µ —Ç–∞–∫...
–ü–æ–ø—Ä–æ–±—É–π—Ç—É –µ—â—ë —Ä–∞–∑!"
\==============================//
    
DEBUG    [2018-09-19 23:44:24,807] https://api.telegram.org:443 "GET /bot684276406:AAHq47rLFG4_CxDf1kQhspZXUOlsloasFyU/getUpdates?offset=91502105&timeout=20 HTTP/1.1" 200 381
DEBUG    [2018-09-19 23:44:24,898] https://api.telegram.org:443 "POST /bot684276406:AAHq47rLFG4_CxDf1kQhspZXUOlsloasFyU/sendMessage?chat_id=200634508&text= HTTP/1.1" 400 80
ERROR    [2018-09-19 23:44:24,903] ApiException occurred, args=('A request to the Telegram API was unsuccessful. The server returned HTTP 400 Bad Request. Response body:\n[b\'{"ok":false,"error_code":400,"description":"Bad Request: message text is empty"}\']',)
Traceback (most recent call last):
  File "D:\Python\lib\site-packages\telebot\util.py", line 59, in run
    task(*args, **kwargs)
  File "E:\VS\Python\AlyonasSchedule\AlyonasSchedule\AlyonasSchedule.py", line 99, in text_handler
    bot.send_message(user_id, answer)
  File "D:\Python\lib\site-packages\telebot\__init__.py", line 598, in send_message
    reply_markup, parse_mode, disable_notification))
  File "D:\Python\lib\site-packages\telebot\apihelper.py", line 140, in send_message
    return _make_request(token, method_url, params=payload, method='post')
  File "D:\Python\lib\site-packages\telebot\apihelper.py", line 56, in _make_request
    return _check_result(method_name, result)['result']
  File "D:\Python\lib\site-packages\telebot\apihelper.py", line 75, in _check_result
    raise ApiException(msg, method_name, result)
telebot.apihelper.ApiException: A request to the Telegram API was unsuccessful. The server returned HTTP 400 Bad Request. Response body:
[b'{"ok":false,"error_code":400,"description":"Bad Request: message text is empty"}']

ERROR    [2018-09-19 23:44:24,904] A request to the Telegram API was unsuccessful. The server returned HTTP 400 Bad Request. Response body:
[b'{"ok":false,"error_code":400,"description":"Bad Request: message text is empty"}']
DEBUG    [2018-09-19 23:44:45,275] https://api.telegram.org:443 "GET /bot684276406:AAHq47rLFG4_CxDf1kQhspZXUOlsloasFyU/getUpdates?offset=91502106&timeout=20 HTTP/1.1" 200 23
DEBUG    [2018-09-19 23:44:45,779] https://api.telegram.org:443 "GET /bot684276406:AAHq47rLFG4_CxDf1kQhspZXUOlsloasFyU/getUpdates?offset=91502106&timeout=20 HTTP/1.1" 200 363
DEBUG    [2018-09-19 23:44:45,916] https://api.telegram.org:443 "POST /bot684276406:AAHq47rLFG4_CxDf1kQhspZXUOlsloasFyU/sendMessage?chat_id=200634508&text=%D0%92%D0%B2%D0%B5%D0%B4%D0%B8%D1%82%D0%B5+%D1%80%D0%B0%D1%81%D1%81%D0%BF%D0%B8%D1%81%D0%B0%D0%BD%D0%B8%D0%B5%3A HTTP/1.1" 200 445
INFO     [2018-09-19 23:44:45,917] 
//==============================\
    –°–æ–æ–±—â–µ–Ω–∏–µ –æ—Ç Oleg Usov (id = 200634508) 
    –¢–µ–∫—Å—Ç: "/–∑–∞–¥–∞—Ç—å"
    –û—Ç–≤–µ—Ç: "–í–≤–µ–¥–∏—Ç–µ —Ä–∞—Å—Å–ø–∏—Å–∞–Ω–∏–µ:"
\==============================//
    
DEBUG    [2018-09-19 23:45:05,888] https://api.telegram.org:443 "GET /bot684276406:AAHq47rLFG4_CxDf1kQhspZXUOlsloasFyU/getUpdates?offset=91502107&timeout=20 HTTP/1.1" 200 23
DEBUG    [2018-09-19 23:45:07,940] https://api.telegram.org:443 "GET /bot684276406:AAHq47rLFG4_CxDf1kQhspZXUOlsloasFyU/getUpdates?offset=91502107&timeout=20 HTTP/1.1" 200 433
DEBUG    [2018-09-19 23:45:08,027] https://api.telegram.org:443 "POST /bot684276406:AAHq47rLFG4_CxDf1kQhspZXUOlsloasFyU/sendMessage?chat_id=200634508&text=%D0%A7%D1%82%D0%BE-%D1%82%D0%BE+%D0%BF%D0%BE%D1%88%D0%BB%D0%BE+%D0%BD%D0%B5+%D1%82%D0%B0%D0%BA...%0A%D0%9F%D0%BE%D0%BF%D1%80%D0%BE%D0%B1%D1%83%D0%B9%D1%82%D1%83+%D0%B5%D1%89%D1%91+%D1%80%D0%B0%D0%B7%21 HTTP/1.1" 200 533
INFO     [2018-09-19 23:45:08,028] 
//==============================\
    –°–æ–æ–±—â–µ–Ω–∏–µ –æ—Ç Oleg Usov (id = 200634508) 
    –¢–µ–∫—Å—Ç: "–ü–æ–Ω–µ–µ–¥–µ–ª—å–Ω–∏–∫:
—ã5–≤4–∞—ã–≤"
    –û—Ç–≤–µ—Ç: "–ß—Ç–æ-—Ç–æ –ø–æ—à–ª–æ –Ω–µ —Ç–∞–∫...
–ü–æ–ø—Ä–æ–±—É–π—Ç—É –µ—â—ë —Ä–∞–∑!"
\==============================//
    
DEBUG    [2018-09-19 23:45:28,020] https://api.telegram.org:443 "GET /bot684276406:AAHq47rLFG4_CxDf1kQhspZXUOlsloasFyU/getUpdates?offset=91502108&timeout=20 HTTP/1.1" 200 23
DEBUG    [2018-09-19 23:45:48,099] https://api.telegram.org:443 "GET /bot684276406:AAHq47rLFG4_CxDf1kQhspZXUOlsloasFyU/getUpdates?offset=91502108&timeout=20 HTTP/1.1" 200 23
DEBUG    [2018-09-19 23:46:14,116] https://api.telegram.org:443 "GET /bot684276406:AAHq47rLFG4_CxDf1kQhspZXUOlsloasFyU/getUpdates?offset=91502108&timeout=20 HTTP/1.1" 200 23
DEBUG    [2018-09-19 23:46:34,475] https://api.telegram.org:443 "GET /bot684276406:AAHq47rLFG4_CxDf1kQhspZXUOlsloasFyU/getUpdates?offset=91502108&timeout=20 HTTP/1.1" 200 23
DEBUG    [2018-09-19 23:46:54,560] https://api.telegram.org:443 "GET /bot684276406:AAHq47rLFG4_CxDf1kQhspZXUOlsloasFyU/getUpdates?offset=91502108&timeout=20 HTTP/1.1" 200 23
DEBUG    [2018-09-19 23:47:07,308] https://api.telegram.org:443 "GET /bot684276406:AAHq47rLFG4_CxDf1kQhspZXUOlsloasFyU/getUpdates?offset=91502108&timeout=20 HTTP/1.1" 200 348
DEBUG    [2018-09-19 23:47:07,382] https://api.telegram.org:443 "POST /bot684276406:AAHq47rLFG4_CxDf1kQhspZXUOlsloasFyU/sendMessage?chat_id=200634508&text= HTTP/1.1" 400 80
ERROR    [2018-09-19 23:47:07,384] ApiException occurred, args=('A request to the Telegram API was unsuccessful. The server returned HTTP 400 Bad Request. Response body:\n[b\'{"ok":false,"error_code":400,"description":"Bad Request: message text is empty"}\']',)
Traceback (most recent call last):
  File "D:\Python\lib\site-packages\telebot\util.py", line 59, in run
    task(*args, **kwargs)
  File "E:\VS\Python\AlyonasSchedule\AlyonasSchedule\AlyonasSchedule.py", line 99, in text_handler
    bot.send_message(user_id, answer)
  File "D:\Python\lib\site-packages\telebot\__init__.py", line 598, in send_message
    reply_markup, parse_mode, disable_notification))
  File "D:\Python\lib\site-packages\telebot\apihelper.py", line 140, in send_message
    return _make_request(token, method_url, params=payload, method='post')
  File "D:\Python\lib\site-packages\telebot\apihelper.py", line 56, in _make_request
    return _check_result(method_name, result)['result']
  File "D:\Python\lib\site-packages\telebot\apihelper.py", line 75, in _check_result
    raise ApiException(msg, method_name, result)
telebot.apihelper.ApiException: A request to the Telegram API was unsuccessful. The server returned HTTP 400 Bad Request. Response body:
[b'{"ok":false,"error_code":400,"description":"Bad Request: message text is empty"}']

ERROR    [2018-09-19 23:47:07,386] A request to the Telegram API was unsuccessful. The server returned HTTP 400 Bad Request. Response body:
[b'{"ok":false,"error_code":400,"description":"Bad Request: message text is empty"}']
DEBUG    [2018-09-19 23:47:27,391] https://api.telegram.org:443 "GET /bot684276406:AAHq47rLFG4_CxDf1kQhspZXUOlsloasFyU/getUpdates?offset=91502109&timeout=20 HTTP/1.1" 200 23
DEBUG    [2018-09-19 23:47:52,260] https://api.telegram.org:443 "GET /bot684276406:AAHq47rLFG4_CxDf1kQhspZXUOlsloasFyU/getUpdates?offset=91502109&timeout=20 HTTP/1.1" 200 23
DEBUG    [2018-09-19 23:48:16,791] https://api.telegram.org:443 "GET /bot684276406:AAHq47rLFG4_CxDf1kQhspZXUOlsloasFyU/getUpdates?offset=91502109&timeout=20 HTTP/1.1" 200 23
DEBUG    [2018-09-19 23:48:18,628] https://api.telegram.org:443 "GET /bot684276406:AAHq47rLFG4_CxDf1kQhspZXUOlsloasFyU/getUpdates?offset=91502109&timeout=20 HTTP/1.1" 200 387
DEBUG    [2018-09-19 23:48:18,720] https://api.telegram.org:443 "POST /bot684276406:AAHq47rLFG4_CxDf1kQhspZXUOlsloasFyU/sendMessage?chat_id=200634508&text=%3Cb%3E%D0%9F%D0%BE%D0%BD%D0%B5%D0%B4%D0%B5%D0%BB%D1%8C%D0%BD%D0%B8%D0%BA%3A%0A%3C%2Fb%3E%0A%3Cb%3E%D0%92%D1%82%D0%BE%D1%80%D0%BD%D0%B8%D0%BA%3A%0A%3C%2Fb%3E%0A%3Cb%3E%D0%A1%D1%80%D0%B5%D0%B4%D0%B0%3A%0A%3C%2Fb%3E%0A%3Cb%3E%D0%A7%D0%B5%D1%82%D0%B2%D0%B5%D1%80%D0%B3%3A%0A%3C%2Fb%3E%0A%3Cb%3E%D0%9F%D1%8F%D1%82%D0%BD%D0%B8%D1%86%D0%B0%3A%0A%3C%2Fb%3E%0A%3Cb%3E%D0%A1%D1%83%D0%B1%D0%B1%D0%BE%D1%82%D0%B0%3A%0A%3C%2Fb%3E%0A%3Cb%3E%D0%92%D0%BE%D1%81%D0%BA%D1%80%D0%B5%D1%81%D0%B5%D0%BD%D1%8C%D0%B5+%3A%0A%3C%2Fb%3E&parse_mode=HTML HTTP/1.1" 200 984
INFO     [2018-09-19 23:48:18,721] 
//==============================\
    –°–æ–æ–±—â–µ–Ω–∏–µ –æ—Ç Oleg Usov (id = 200634508) 
    –¢–µ–∫—Å—Ç: "/–ø–æ—Å–º–æ—Ç—Ä–µ—Ç—å"
    –û—Ç–≤–µ—Ç: "<b>–ü–æ–Ω–µ–¥–µ–ª—å–Ω–∏–∫:
</b>
<b>–í—Ç–æ—Ä–Ω–∏–∫:
</b>
<b>–°—Ä–µ–¥–∞:
</b>
<b>–ß–µ—Ç–≤–µ—Ä–≥:
</b>
<b>–ü—è—Ç–Ω–∏—Ü–∞:
</b>
<b>–°—É–±–±–æ—Ç–∞:
</b>
<b>–í–æ—Å–∫—Ä–µ—Å–µ–Ω—å–µ :
</b>"
\==============================//
    
DEBUG    [2018-09-19 23:48:20,905] https://api.telegram.org:443 "GET /bot684276406:AAHq47rLFG4_CxDf1kQhspZXUOlsloasFyU/getUpdates?offset=91502110&timeout=20 HTTP/1.1" 200 363
DEBUG    [2018-09-19 23:48:20,992] https://api.telegram.org:443 "POST /bot684276406:AAHq47rLFG4_CxDf1kQhspZXUOlsloasFyU/sendMessage?chat_id=200634508&text=%D0%92%D0%B2%D0%B5%D0%B4%D0%B8%D1%82%D0%B5+%D1%80%D0%B0%D1%81%D1%81%D0%BF%D0%B8%D1%81%D0%B0%D0%BD%D0%B8%D0%B5%3A HTTP/1.1" 200 445
INFO     [2018-09-19 23:48:20,994] 
//==============================\
    –°–æ–æ–±—â–µ–Ω–∏–µ –æ—Ç Oleg Usov (id = 200634508) 
    –¢–µ–∫—Å—Ç: "/–∑–∞–¥–∞—Ç—å"
    –û—Ç–≤–µ—Ç: "–í–≤–µ–¥–∏—Ç–µ —Ä–∞—Å—Å–ø–∏—Å–∞–Ω–∏–µ:"
\==============================//
    
DEBUG    [2018-09-19 23:48:40,989] https://api.telegram.org:443 "GET /bot684276406:AAHq47rLFG4_CxDf1kQhspZXUOlsloasFyU/getUpdates?offset=91502111&timeout=20 HTTP/1.1" 200 23
DEBUG    [2018-09-19 23:48:44,277] https://api.telegram.org:443 "GET /bot684276406:AAHq47rLFG4_CxDf1kQhspZXUOlsloasFyU/getUpdates?offset=91502111&timeout=20 HTTP/1.1" 200 938
DEBUG    [2018-09-19 23:48:44,392] https://api.telegram.org:443 "POST /bot684276406:AAHq47rLFG4_CxDf1kQhspZXUOlsloasFyU/sendMessage?chat_id=200634508&text=%D0%A0%D0%B0%D1%81%D0%BF%D0%B8%D1%81%D0%B0%D0%BD%D0%B8%D0%B5+%D1%83%D1%81%D0%BF%D0%B5%D1%88%D0%BD%D0%BE+%D0%B7%D0%B0%D0%B4%D0%B0%D0%BD%D0%BE%21 HTTP/1.1" 200 476
INFO     [2018-09-19 23:48:44,393] 
//==============================\
    –°–æ–æ–±—â–µ–Ω–∏–µ –æ—Ç Oleg Usov (id = 200634508) 
    –¢–µ–∫—Å—Ç: "–ü–æ–Ω–µ–¥–µ–ª—å–Ω–∏–∫:
10:00 - 11:00 - –í–æ–∫–∞–ª
11:05 - 11:45 - –°–æ–ª—å—Ñ–µ–¥–∂–∏–æ
–í—Ç–æ—Ä–Ω–∏–∫:
08:00 - –ü–æ–¥—ä–µ–º
10:00 - 10:20 —á—Ç–æ-—Ç–æ –æ—á–µ–Ω—å –≤–∞–∂–Ω–æ–µ
10:20 - 13:00 - –ù–ò–ß–ï–ì–û
13:00 - 14:30 –ü–∞—Ä–∞
–ß–µ—Ç–≤–µ—Ä–≥:
15:00 - 15:45 - –±–∞–ª –±–ª–∞ –±–ª–∞"
    –û—Ç–≤–µ—Ç: "–†–∞—Å–ø–∏—Å–∞–Ω–∏–µ —É—Å–ø–µ—à–Ω–æ –∑–∞–¥–∞–Ω–æ!"
\==============================//
    
DEBUG    [2018-09-19 23:48:48,003] https://api.telegram.org:443 "GET /bot684276406:AAHq47rLFG4_CxDf1kQhspZXUOlsloasFyU/getUpdates?offset=91502112&timeout=20 HTTP/1.1" 200 387
DEBUG    [2018-09-19 23:48:48,105] https://api.telegram.org:443 "POST /bot684276406:AAHq47rLFG4_CxDf1kQhspZXUOlsloasFyU/sendMessage?chat_id=200634508&text=%3Cb%3E%D0%9F%D0%BE%D0%BD%D0%B5%D0%B4%D0%B5%D0%BB%D1%8C%D0%BD%D0%B8%D0%BA%3A%0A%3C%2Fb%3E10%3A00+-+11%3A00+-+%D0%92%D0%BE%D0%BA%D0%B0%D0%BB%0A11%3A05+-+11%3A45+-+%D0%A1%D0%BE%D0%BB%D1%8C%D1%84%D0%B5%D0%B4%D0%B6%D0%B8%D0%BE%0A%3Cb%3E%D0%92%D1%82%D0%BE%D1%80%D0%BD%D0%B8%D0%BA%3A%0A%3C%2Fb%3E08%3A00+-+%D0%9F%D0%BE%D0%B4%D1%8A%D0%B5%D0%BC%0A10%3A00+-+10%3A20+%D1%87%D1%82%D0%BE-%D1%82%D0%BE+%D0%BE%D1%87%D0%B5%D0%BD%D1%8C+%D0%B2%D0%B0%D0%B6%D0%BD%D0%BE%D0%B5%0A10%3A20+-+13%3A00+-+%D0%9D%D0%98%D0%A7%D0%95%D0%93%D0%9E%0A13%3A00+-+14%3A30+%D0%9F%D0%B0%D1%80%D0%B0%0A%3Cb%3E%D0%A1%D1%80%D0%B5%D0%B4%D0%B0%3A%0A%3C%2Fb%3E%0A%3Cb%3E%D0%A7%D0%B5%D1%82%D0%B2%D0%B5%D1%80%D0%B3%3A%0A%3C%2Fb%3E15%3A00+-+15%3A45+-+%D0%B1%D0%B0%D0%BB+%D0%B1%D0%BB%D0%B0+%D0%B1%D0%BB%D0%B0%0A%3Cb%3E%D0%9F%D1%8F%D1%82%D0%BD%D0%B8%D1%86%D0%B0%3A%0A%3C%2Fb%3E%0A%3Cb%3E%D0%A1%D1%83%D0%B1%D0%B1%D0%BE%D1%82%D0%B0%3A%0A%3C%2Fb%3E%0A%3Cb%3E%D0%92%D0%BE%D1%81%D0%BA%D1%80%D0%B5%D1%81%D0%B5%D0%BD%D1%8C%D0%B5+%3A%0A%3C%2Fb%3E&parse_mode=HTML HTTP/1.1" 200 1438
INFO     [2018-09-19 23:48:48,106] 
//==============================\
    –°–æ–æ–±—â–µ–Ω–∏–µ –æ—Ç Oleg Usov (id = 200634508) 
    –¢–µ–∫—Å—Ç: "/–ø–æ—Å–º–æ—Ç—Ä–µ—Ç—å"
    –û—Ç–≤–µ—Ç: "<b>–ü–æ–Ω–µ–¥–µ–ª—å–Ω–∏–∫:
</b>10:00 - 11:00 - –í–æ–∫–∞–ª
11:05 - 11:45 - –°–æ–ª—å—Ñ–µ–¥–∂–∏–æ
<b>–í—Ç–æ—Ä–Ω–∏–∫:
</b>08:00 - –ü–æ–¥—ä–µ–º
10:00 - 10:20 —á—Ç–æ-—Ç–æ –æ—á–µ–Ω—å –≤–∞–∂–Ω–æ–µ
10:20 - 13:00 - –ù–ò–ß–ï–ì–û
13:00 - 14:30 –ü–∞—Ä–∞
<b>–°—Ä–µ–¥–∞:
</b>
<b>–ß–µ—Ç–≤–µ—Ä–≥:
</b>15:00 - 15:45 - –±–∞–ª –±–ª–∞ –±–ª–∞
<b>–ü—è—Ç–Ω–∏—Ü–∞:
</b>
<b>–°—É–±–±–æ—Ç–∞:
</b>
<b>–í–æ—Å–∫—Ä–µ—Å–µ–Ω—å–µ :
</b>"
\==============================//
    
DEBUG    [2018-09-19 23:49:08,085] https://api.telegram.org:443 "GET /bot684276406:AAHq47rLFG4_CxDf1kQhspZXUOlsloasFyU/getUpdates?offset=91502113&timeout=20 HTTP/1.1" 200 23
DEBUG    [2018-09-19 23:49:28,166] https://api.telegram.org:443 "GET /bot684276406:AAHq47rLFG4_CxDf1kQhspZXUOlsloasFyU/getUpdates?offset=91502113&timeout=20 HTTP/1.1" 200 23
DEBUG    [2018-09-19 23:49:48,246] https://api.telegram.org:443 "GET /bot684276406:AAHq47rLFG4_CxDf1kQhspZXUOlsloasFyU/getUpdates?offset=91502113&timeout=20 HTTP/1.1" 200 23
DEBUG    [2018-09-19 23:50:08,327] https://api.telegram.org:443 "GET /bot684276406:AAHq47rLFG4_CxDf1kQhspZXUOlsloasFyU/getUpdates?offset=91502113&timeout=20 HTTP/1.1" 200 23
DEBUG    [2018-09-19 23:50:28,407] https://api.telegram.org:443 "GET /bot684276406:AAHq47rLFG4_CxDf1kQhspZXUOlsloasFyU/getUpdates?offset=91502113&timeout=20 HTTP/1.1" 200 23
DEBUG    [2018-09-19 23:50:48,488] https://api.telegram.org:443 "GET /bot684276406:AAHq47rLFG4_CxDf1kQhspZXUOlsloasFyU/getUpdates?offset=91502113&timeout=20 HTTP/1.1" 200 23
DEBUG    [2018-09-19 23:51:09,838] https://api.telegram.org:443 "GET /bot684276406:AAHq47rLFG4_CxDf1kQhspZXUOlsloasFyU/getUpdates?offset=91502113&timeout=20 HTTP/1.1" 200 23
DEBUG    [2018-09-19 23:51:29,960] https://api.telegram.org:443 "GET /bot684276406:AAHq47rLFG4_CxDf1kQhspZXUOlsloasFyU/getUpdates?offset=91502113&timeout=20 HTTP/1.1" 200 23
DEBUG    [2018-09-19 23:51:50,039] https://api.telegram.org:443 "GET /bot684276406:AAHq47rLFG4_CxDf1kQhspZXUOlsloasFyU/getUpdates?offset=91502113&timeout=20 HTTP/1.1" 200 23
DEBUG    [2018-09-19 23:52:10,120] https://api.telegram.org:443 "GET /bot684276406:AAHq47rLFG4_CxDf1kQhspZXUOlsloasFyU/getUpdates?offset=91502113&timeout=20 HTTP/1.1" 200 23
DEBUG    [2018-09-19 23:52:30,200] https://api.telegram.org:443 "GET /bot684276406:AAHq47rLFG4_CxDf1kQhspZXUOlsloasFyU/getUpdates?offset=91502113&timeout=20 HTTP/1.1" 200 23
DEBUG    [2018-09-19 23:52:50,279] https://api.telegram.org:443 "GET /bot684276406:AAHq47rLFG4_CxDf1kQhspZXUOlsloasFyU/getUpdates?offset=91502113&timeout=20 HTTP/1.1" 200 23
DEBUG    [2018-09-19 23:53:11,182] https://api.telegram.org:443 "GET /bot684276406:AAHq47rLFG4_CxDf1kQhspZXUOlsloasFyU/getUpdates?offset=91502113&timeout=20 HTTP/1.1" 200 23
DEBUG    [2018-09-19 23:53:31,360] https://api.telegram.org:443 "GET /bot684276406:AAHq47rLFG4_CxDf1kQhspZXUOlsloasFyU/getUpdates?offset=91502113&timeout=20 HTTP/1.1" 200 23
DEBUG    [2018-09-19 23:53:51,440] https://api.telegram.org:443 "GET /bot684276406:AAHq47rLFG4_CxDf1kQhspZXUOlsloasFyU/getUpdates?offset=91502113&timeout=20 HTTP/1.1" 200 23
DEBUG    [2018-09-19 23:54:12,630] https://api.telegram.org:443 "GET /bot684276406:AAHq47rLFG4_CxDf1kQhspZXUOlsloasFyU/getUpdates?offset=91502113&timeout=20 HTTP/1.1" 200 23
DEBUG    [2018-09-19 23:54:33,124] https://api.telegram.org:443 "GET /bot684276406:AAHq47rLFG4_CxDf1kQhspZXUOlsloasFyU/getUpdates?offset=91502113&timeout=20 HTTP/1.1" 200 23
DEBUG    [2018-09-19 23:54:53,202] https://api.telegram.org:443 "GET /bot684276406:AAHq47rLFG4_CxDf1kQhspZXUOlsloasFyU/getUpdates?offset=91502113&timeout=20 HTTP/1.1" 200 23
DEBUG    [2018-09-19 23:55:17,348] https://api.telegram.org:443 "GET /bot684276406:AAHq47rLFG4_CxDf1kQhspZXUOlsloasFyU/getUpdates?offset=91502113&timeout=20 HTTP/1.1" 200 23
DEBUG    [2018-09-19 23:55:44,893] https://api.telegram.org:443 "GET /bot684276406:AAHq47rLFG4_CxDf1kQhspZXUOlsloasFyU/getUpdates?offset=91502113&timeout=20 HTTP/1.1" 200 23
DEBUG    [2018-09-19 23:56:10,375] https://api.telegram.org:443 "GET /bot684276406:AAHq47rLFG4_CxDf1kQhspZXUOlsloasFyU/getUpdates?offset=91502113&timeout=20 HTTP/1.1" 200 23
DEBUG    [2018-09-19 23:56:34,536] https://api.telegram.org:443 "GET /bot684276406:AAHq47rLFG4_CxDf1kQhspZXUOlsloasFyU/getUpdates?offset=91502113&timeout=20 HTTP/1.1" 200 23
DEBUG    [2018-09-19 23:56:54,616] https://api.telegram.org:443 "GET /bot684276406:AAHq47rLFG4_CxDf1kQhspZXUOlsloasFyU/getUpdates?offset=91502113&timeout=20 HTTP/1.1" 200 23
DEBUG    [2018-09-19 23:57:17,096] https://api.telegram.org:443 "GET /bot684276406:AAHq47rLFG4_CxDf1kQhspZXUOlsloasFyU/getUpdates?offset=91502113&timeout=20 HTTP/1.1" 200 23
ERROR    [2018-09-19 23:57:47,185] ReadTimeout occurred, args=(ReadTimeoutError("SOCKSHTTPSConnectionPool(host='api.telegram.org', port=443): Read timed out. (read timeout=30)"),)
Traceback (most recent call last):
  File "D:\Python\lib\site-packages\urllib3\connectionpool.py", line 384, in _make_request
    six.raise_from(e, None)
  File "<string>", line 2, in raise_from
  File "D:\Python\lib\site-packages\urllib3\connectionpool.py", line 380, in _make_request
    httplib_response = conn.getresponse()
  File "D:\Python\lib\http\client.py", line 1321, in getresponse
    response.begin()
  File "D:\Python\lib\http\client.py", line 296, in begin
    version, status, reason = self._read_status()
  File "D:\Python\lib\http\client.py", line 257, in _read_status
    line = str(self.fp.readline(_MAXLINE + 1), "iso-8859-1")
  File "D:\Python\lib\socket.py", line 589, in readinto
    return self._sock.recv_into(b)
  File "D:\Python\lib\ssl.py", line 1049, in recv_into
    return self.read(nbytes, buffer)
  File "D:\Python\lib\ssl.py", line 908, in read
    return self._sslobj.read(len, buffer)
socket.timeout: The read operation timed out

During handling of the above exception, another exception occurred:

Traceback (most recent call last):
  File "D:\Python\lib\site-packages\requests\adapters.py", line 445, in send
    timeout=timeout
  File "D:\Python\lib\site-packages\urllib3\connectionpool.py", line 638, in urlopen
    _stacktrace=sys.exc_info()[2])
  File "D:\Python\lib\site-packages\urllib3\util\retry.py", line 367, in increment
    raise six.reraise(type(error), error, _stacktrace)
  File "D:\Python\lib\site-packages\urllib3\packages\six.py", line 686, in reraise
    raise value
  File "D:\Python\lib\site-packages\urllib3\connectionpool.py", line 600, in urlopen
    chunked=chunked)
  File "D:\Python\lib\site-packages\urllib3\connectionpool.py", line 386, in _make_request
    self._raise_timeout(err=e, url=url, timeout_value=read_timeout)
  File "D:\Python\lib\site-packages\urllib3\connectionpool.py", line 306, in _raise_timeout
    raise ReadTimeoutError(self, url, "Read timed out. (read timeout=%s)" % timeout_value)
urllib3.exceptions.ReadTimeoutError: SOCKSHTTPSConnectionPool(host='api.telegram.org', port=443): Read timed out. (read timeout=30)

During handling of the above exception, another exception occurred:

Traceback (most recent call last):
  File "D:\Python\lib\site-packages\telebot\util.py", line 59, in run
    task(*args, **kwargs)
  File "D:\Python\lib\site-packages\telebot\__init__.py", line 276, in __retrieve_updates
    updates = self.get_updates(offset=(self.last_update_id + 1), timeout=timeout)
  File "D:\Python\lib\site-packages\telebot\__init__.py", line 246, in get_updates
    json_updates = apihelper.get_updates(self.token, offset, limit, timeout, allowed_updates)
  File "D:\Python\lib\site-packages\telebot\apihelper.py", line 180, in get_updates
    return _make_request(token, method_url, params=payload)
  File "D:\Python\lib\site-packages\telebot\apihelper.py", line 54, in _make_request
    timeout=(connect_timeout, read_timeout), proxies=proxy)
  File "D:\Python\lib\site-packages\requests\sessions.py", line 512, in request
    resp = self.send(prep, **send_kwargs)
  File "D:\Python\lib\site-packages\requests\sessions.py", line 622, in send
    r = adapter.send(request, **kwargs)
  File "D:\Python\lib\site-packages\requests\adapters.py", line 526, in send
    raise ReadTimeout(e, request=request)
requests.exceptions.ReadTimeout: SOCKSHTTPSConnectionPool(host='api.telegram.org', port=443): Read timed out. (read timeout=30)

